<?xml version="1.0" encoding="utf-8"?><testsuites name="pytest tests"><testsuite name="pytest" errors="0" failures="0" skipped="0" tests="15" time="45.448" timestamp="2026-04-27T01:47:06.929738+00:00" hostname="agent-env-ae813e4a-5aef-4c40-952a-a5f8f4388eb7"><testcase classname="backend.tests.test_cortex_backend" name="test_root_metadata" time="0.004" /><testcase classname="backend.tests.test_cortex_backend" name="test_list_chambers" time="0.042" /><testcase classname="backend.tests.test_cortex_backend" name="test_chamber_senate_council" time="0.042" /><testcase classname="backend.tests.test_cortex_backend" name="test_chamber_forge_council" time="0.042" /><testcase classname="backend.tests.test_cortex_backend" name="test_chamber_unknown_404" time="0.042" /><testcase classname="backend.tests.test_cortex_backend" name="test_deliberate_empty_question_400" time="0.042" /><testcase classname="backend.tests.test_cortex_backend" name="test_deliberate_unknown_chamber_404" time="0.043" /><testcase classname="backend.tests.test_cortex_backend" name="test_senate_deliberation_shape" time="14.528" /><testcase classname="backend.tests.test_cortex_backend" name="test_get_verdict_by_id" time="0.043" /><testcase classname="backend.tests.test_cortex_backend" name="test_get_verdict_404" time="0.043" /><testcase classname="backend.tests.test_cortex_backend" name="test_save_verdict" time="0.044" /><testcase classname="backend.tests.test_cortex_backend" name="test_archive_lists_saved_verdict" time="0.044" /><testcase classname="backend.tests.test_cortex_backend" name="test_delete_wrong_archive_404" time="0.042" /><testcase classname="backend.tests.test_cortex_backend" name="test_delete_unsaves" time="0.086" /><testcase classname="backend.tests.test_cortex_backend" name="test_forge_deliberation" time="30.202" /></testsuite></testsuites>