<?xml version="1.0" encoding="utf-8"?><testsuites name="pytest tests"><testsuite name="pytest" errors="0" failures="1" skipped="0" tests="22" time="67.432" timestamp="2026-05-01T15:29:26.681496+00:00" hostname="agent-env-ae813e4a-5aef-4c40-952a-a5f8f4388eb7"><testcase classname="backend.tests.test_cortex_backend" name="test_root_metadata" time="0.003" /><testcase classname="backend.tests.test_cortex_backend" name="test_list_chambers" time="0.043" /><testcase classname="backend.tests.test_cortex_backend" name="test_chamber_senate_council" time="0.042" /><testcase classname="backend.tests.test_cortex_backend" name="test_chamber_forge_council" time="0.042" /><testcase classname="backend.tests.test_cortex_backend" name="test_chamber_unknown_404" time="0.042" /><testcase classname="backend.tests.test_cortex_backend" name="test_deliberate_empty_question_400" time="0.043" /><testcase classname="backend.tests.test_cortex_backend" name="test_deliberate_unknown_chamber_404" time="0.042" /><testcase classname="backend.tests.test_cortex_backend" name="test_senate_deliberation_shape" time="26.007"><failure message="AssertionError: Expected 3 senate members, got 2&#10;assert 2 &gt;= 3&#10; +  where 2 = len([{'contribution': &quot;The question before you is not merely one of performance, but of compact and consequence. Lincoln reminds us that a house divided cannot stand—yet he also knew when commanders must be replaced for the survival of the cause itself. Churchill would counsel: judge not present inadequacy alone, but capacity for future service when the hour grows darker. Marcus Aurelius instructs that loyalty to the enterprise transcends loyalty to the individual; the good of the whole must govern. Burke adds this: beware the revolutionary's impatience, but recognize when an institution's preservation demands painful severance. The statesman's duty is clear-eyed assessment of whether this partnership still serves the mission, or merely persists from sentiment.&quot;, 'dissent': False, 'member': 'The Senate'}, {'contribution': &quot;The question is not sentiment but fit. As Buffett would note, you're asking whether this person remains in their circle of competence for the role the company now requires. Jobs demanded excellence and removed even friends when the mission required it—loyalty to the work supersedes loyalty to individuals. Yet as Drucker taught, ask first: have you structured their role to their remaining strengths, or are you holding them to a job that has outgrown them both? Munger's wisdom applies: invert the problem. What does keeping them cost in speed, quality, and the example it sets? The Boardroom weighs carefully, but prolonging a mismatch serves neither the enterprise nor the person.&quot;, 'dissent': False, 'member': 'The Boardroom'}])">backend/tests/test_cortex_backend.py:114: in test_senate_deliberation_shape
    assert len(delib) &gt;= 3, f"Expected 3 senate members, got {len(delib)}"
E   AssertionError: Expected 3 senate members, got 2
E   assert 2 &gt;= 3
E    +  where 2 = len([{'contribution': "The question before you is not merely one of performance, but of compact and consequence. Lincoln reminds us that a house divided cannot stand—yet he also knew when commanders must be replaced for the survival of the cause itself. Churchill would counsel: judge not present inadequacy alone, but capacity for future service when the hour grows darker. Marcus Aurelius instructs that loyalty to the enterprise transcends loyalty to the individual; the good of the whole must govern. Burke adds this: beware the revolutionary's impatience, but recognize when an institution's preservation demands painful severance. The statesman's duty is clear-eyed assessment of whether this partnership still serves the mission, or merely persists from sentiment.", 'dissent': False, 'member': 'The Senate'}, {'contribution': "The question is not sentiment but fit. As Buffett would note, you're asking whether this person remains in their circle of competence for the role the company now requires. Jobs demanded excellence and removed even friends when the mission required it—loyalty to the work supersedes loyalty to individuals. Yet as Drucker taught, ask first: have you structured their role to their remaining strengths, or are you holding them to a job that has outgrown them both? Munger's wisdom applies: invert the problem. What does keeping them cost in speed, quality, and the example it sets? The Boardroom weighs carefully, but prolonging a mismatch serves neither the enterprise nor the person.", 'dissent': False, 'member': 'The Boardroom'}])</failure></testcase><testcase classname="backend.tests.test_cortex_backend" name="test_get_verdict_by_id" time="0.043" /><testcase classname="backend.tests.test_cortex_backend" name="test_get_verdict_404" time="0.042" /><testcase classname="backend.tests.test_cortex_backend" name="test_save_verdict" time="0.044" /><testcase classname="backend.tests.test_cortex_backend" name="test_archive_lists_saved_verdict" time="0.043" /><testcase classname="backend.tests.test_cortex_backend" name="test_delete_wrong_archive_404" time="0.043" /><testcase classname="backend.tests.test_cortex_backend" name="test_delete_unsaves" time="0.087" /><testcase classname="backend.tests.test_cortex_backend" name="test_forge_deliberation" time="34.507" /><testcase classname="backend.tests.test_cortex_backend" name="test_route_empty_question_400" time="0.042" /><testcase classname="backend.tests.test_cortex_backend" name="test_route_returns_valid_chamber" time="2.670" /><testcase classname="backend.tests.test_cortex_backend" name="test_transcribe_returns_text_field" time="0.611" /><testcase classname="backend.tests.test_cortex_backend" name="test_transcribe_missing_file_422" time="0.002" /><testcase classname="backend.tests.test_cortex_backend" name="test_speak_returns_mp3_audio" time="0.962" /><testcase classname="backend.tests.test_cortex_backend" name="test_speak_per_chamber_voice_mapping" time="1.957" /><testcase classname="backend.tests.test_cortex_backend" name="test_speak_empty_text_400" time="0.002" /></testsuite></testsuites>